{"name": "Register without providing any details", "status": "failed", "statusDetails": {"message": "AssertionError\n", "trace": "  File \"C:\\Python\\python-workspace\\Behave-BDD-Selenium-Python-Hybrid-Framework-with-Page-Object-Model\\venv\\Lib\\site-packages\\behave\\model.py\", line 1329, in run\n    match.run(runner.context)\n  File \"C:\\Python\\python-workspace\\Behave-BDD-Selenium-Python-Hybrid-Framework-with-Page-Object-Model\\venv\\Lib\\site-packages\\behave\\matchers.py\", line 98, in run\n    self.func(context, *args, **kwargs)\n  File \"features\\steps\\register.py\", line 84, in step_impl\n    assert context.register_page.verify_all_warnings(\"Warning: You must agree to the Privacy Policy!123\"\n           ^^^^^^^^^^^^^^^^^^^^^^^^^^^^^^^^^^^^^^^^^^^^^^^^^^^^^^^^^^^^^^^^^^^^^^^^^^^^^^^^^^^^^^^^^^^^^\n"}, "steps": [{"name": "Given I navigate to Register page", "status": "passed", "start": 1723359310634, "stop": 1723359312805}, {"name": "When I don't enter anything into the fields", "status": "passed", "start": 1723359312805, "stop": 1723359313562}, {"name": "And I click on continue button", "status": "passed", "start": 1723359313562, "stop": 1723359315570}, {"name": "Then Proper warning message for every mandatory fields should be displayed", "status": "failed", "statusDetails": {"message": "AssertionError\n", "trace": "  File \"C:\\Python\\python-workspace\\Behave-BDD-Selenium-Python-Hybrid-Framework-with-Page-Object-Model\\venv\\Lib\\site-packages\\behave\\model.py\", line 1329, in run\n    match.run(runner.context)\n  File \"C:\\Python\\python-workspace\\Behave-BDD-Selenium-Python-Hybrid-Framework-with-Page-Object-Model\\venv\\Lib\\site-packages\\behave\\matchers.py\", line 98, in run\n    self.func(context, *args, **kwargs)\n  File \"features\\steps\\register.py\", line 84, in step_impl\n    assert context.register_page.verify_all_warnings(\"Warning: You must agree to the Privacy Policy!123\"\n           ^^^^^^^^^^^^^^^^^^^^^^^^^^^^^^^^^^^^^^^^^^^^^^^^^^^^^^^^^^^^^^^^^^^^^^^^^^^^^^^^^^^^^^^^^^^^^\n"}, "attachments": [{"name": "Scenario: Register without providing any details failed", "source": "c1040394-f5ab-4155-a510-e7a8c73d04b8-attachment.png", "type": "image/png"}], "start": 1723359315571, "stop": 1723359315893}], "start": 1723359307021, "stop": 1723359322286, "uuid": "b9c20392-7eb9-4e93-9ec2-9bac02773a3c", "historyId": "25617674ea2c75949c38fee8a7927168", "fullName": "Register Account functionality: Register without providing any details", "labels": [{"name": "severity", "value": "normal"}, {"name": "feature", "value": "Register Account functionality"}, {"name": "framework", "value": "behave"}, {"name": "language", "value": "cpython3"}]}